


ARM Macro Assembler    Page 1 


    1 00000000         ;/******************************************************
                       ********************//**
    2 00000000         ; * @file startup_efm32tg.s
    3 00000000         ; * @brief    CMSIS Core Device Startup File for
    4 00000000         ; *           Silicon Labs EFM32TG Device Series
    5 00000000         ; * @version 3.20.13
    6 00000000         ; * @date     03. February 2012
    7 00000000         ; *
    8 00000000         ; * @note
    9 00000000         ; * Copyright (C) 2012 ARM Limited. All rights reserved.
                       
   10 00000000         ; *
   11 00000000         ; * @par
   12 00000000         ; * ARM Limited (ARM) is supplying this software for use
                        with Cortex-M
   13 00000000         ; * processor based microcontrollers.  This file can be 
                       freely distributed
   14 00000000         ; * within development tools that are supporting such AR
                       M based processors.
   15 00000000         ; *
   16 00000000         ; * @par
   17 00000000         ; * THIS SOFTWARE IS PROVIDED "AS IS".  NO WARRANTIES, W
                       HETHER EXPRESS, IMPLIED
   18 00000000         ; * OR STATUTORY, INCLUDING, BUT NOT LIMITED TO, IMPLIED
                        WARRANTIES OF
   19 00000000         ; * MERCHANTABILITY AND FITNESS FOR A PARTICULAR PURPOSE
                        APPLY TO THIS SOFTWARE.
   20 00000000         ; * ARM SHALL NOT, IN ANY CIRCUMSTANCES, BE LIABLE FOR S
                       PECIAL, INCIDENTAL, OR
   21 00000000         ; * CONSEQUENTIAL DAMAGES, FOR ANY REASON WHATSOEVER.
   22 00000000         ; *
   23 00000000         ; ******************************************************
                       ************************/
   24 00000000         ;/*
   25 00000000         ;//-------- <<< Use Configuration Wizard in Context Menu
                        >>> ------------------
   26 00000000         ;*/
   27 00000000         
   28 00000000         ; <h> Stack Configuration
   29 00000000         ;   <o> Stack Size (in Bytes) <0x0-0xFFFFFFFF:8>
   30 00000000         ; </h>
   31 00000000         
   32 00000000 00000400 
                       Stack_Size
                               EQU              0x00000400
   33 00000000         
   34 00000000                 AREA             STACK, NOINIT, READWRITE, ALIGN
=3
   35 00000000         Stack_Mem
                               SPACE            Stack_Size
   36 00000400         __initial_sp
   37 00000400         
   38 00000400         
   39 00000400         ; <h> Heap Configuration
   40 00000400         ;   <o>  Heap Size (in Bytes) <0x0-0xFFFFFFFF:8>
   41 00000400         ; </h>
   42 00000400         
   43 00000400 00000C00 
                       Heap_Size



ARM Macro Assembler    Page 2 


                               EQU              0x00000C00
   44 00000400         
   45 00000400                 AREA             HEAP, NOINIT, READWRITE, ALIGN=
3
   46 00000000         __heap_base
   47 00000000         Heap_Mem
                               SPACE            Heap_Size
   48 00000C00         __heap_limit
   49 00000C00         
   50 00000C00         
   51 00000C00                 PRESERVE8
   52 00000C00                 THUMB
   53 00000C00         
   54 00000C00         
   55 00000C00         ; Vector Table Mapped to Address 0 at Reset
   56 00000C00         
   57 00000C00                 AREA             RESET, DATA, READONLY, ALIGN=8
   58 00000000                 EXPORT           __Vectors
   59 00000000                 EXPORT           __Vectors_End
   60 00000000                 EXPORT           __Vectors_Size
   61 00000000         
   62 00000000 00000000 
                       __Vectors
                               DCD              __initial_sp ; Top of Stack
   63 00000004 00000000        DCD              Reset_Handler ; Reset Handler
   64 00000008 00000000        DCD              NMI_Handler ; NMI Handler
   65 0000000C 00000000        DCD              HardFault_Handler ; Hard Fault 
                                                            Handler
   66 00000010 00000000        DCD              MemManage_Handler 
                                                            ; MPU Fault Handler
                                                            
   67 00000014 00000000        DCD              BusFault_Handler 
                                                            ; Bus Fault Handler
                                                            
   68 00000018 00000000        DCD              UsageFault_Handler ; Usage Faul
                                                            t Handler
   69 0000001C 00000000        DCD              0           ; Reserved
   70 00000020 00000000        DCD              0           ; Reserved
   71 00000024 00000000        DCD              0           ; Reserved
   72 00000028 00000000        DCD              0           ; Reserved
   73 0000002C 00000000        DCD              SVC_Handler ; SVCall Handler
   74 00000030 00000000        DCD              DebugMon_Handler ; Debug Monito
                                                            r Handler
   75 00000034 00000000        DCD              0           ; Reserved
   76 00000038 00000000        DCD              PendSV_Handler ; PendSV Handler
                                                            
   77 0000003C 00000000        DCD              SysTick_Handler 
                                                            ; SysTick Handler
   78 00000040         
   79 00000040         ; External Interrupts
   80 00000040         
   81 00000040 00000000        DCD              DMA_IRQHandler 
                                                            ; 0: DMA Interrupt
   82 00000044 00000000        DCD              GPIO_EVEN_IRQHandler ; 1: GPIO_
                                                            EVEN Interrupt
   83 00000048 00000000        DCD              TIMER0_IRQHandler ; 2: TIMER0 I
                                                            nterrupt
   84 0000004C 00000000        DCD              USART0_RX_IRQHandler ; 3: USART
                                                            0_RX Interrupt



ARM Macro Assembler    Page 3 


   85 00000050 00000000        DCD              USART0_TX_IRQHandler ; 4: USART
                                                            0_TX Interrupt
   86 00000054 00000000        DCD              ACMP0_IRQHandler ; 5: ACMP0 Int
                                                            errupt
   87 00000058 00000000        DCD              ADC0_IRQHandler 
                                                            ; 6: ADC0 Interrupt
                                                            
   88 0000005C 00000000        DCD              DAC0_IRQHandler 
                                                            ; 7: DAC0 Interrupt
                                                            
   89 00000060 00000000        DCD              I2C0_IRQHandler 
                                                            ; 8: I2C0 Interrupt
                                                            
   90 00000064 00000000        DCD              GPIO_ODD_IRQHandler ; 9: GPIO_O
                                                            DD Interrupt
   91 00000068 00000000        DCD              TIMER1_IRQHandler ; 10: TIMER1 
                                                            Interrupt
   92 0000006C 00000000        DCD              USART1_RX_IRQHandler ; 11: USAR
                                                            T1_RX Interrupt
   93 00000070 00000000        DCD              USART1_TX_IRQHandler ; 12: USAR
                                                            T1_TX Interrupt
   94 00000074 00000000        DCD              LESENSE_IRQHandler ; 13: LESENS
                                                            E Interrupt
   95 00000078 00000000        DCD              LEUART0_IRQHandler ; 14: LEUART
                                                            0 Interrupt
   96 0000007C 00000000        DCD              LETIMER0_IRQHandler ; 15: LETIM
                                                            ER0 Interrupt
   97 00000080 00000000        DCD              PCNT0_IRQHandler ; 16: PCNT0 In
                                                            terrupt
   98 00000084 00000000        DCD              RTC_IRQHandler 
                                                            ; 17: RTC Interrupt
                                                            
   99 00000088 00000000        DCD              CMU_IRQHandler 
                                                            ; 18: CMU Interrupt
                                                            
  100 0000008C 00000000        DCD              VCMP_IRQHandler ; 19: VCMP Inte
                                                            rrupt
  101 00000090 00000000        DCD              LCD_IRQHandler 
                                                            ; 20: LCD Interrupt
                                                            
  102 00000094 00000000        DCD              MSC_IRQHandler 
                                                            ; 21: MSC Interrupt
                                                            
  103 00000098 00000000        DCD              AES_IRQHandler 
                                                            ; 22: AES Interrupt
                                                            
  104 0000009C         
  105 0000009C         __Vectors_End
  106 0000009C 0000009C 
                       __Vectors_Size
                               EQU              __Vectors_End - __Vectors
  107 0000009C         
  108 0000009C                 AREA             |.text|, CODE, READONLY
  109 00000000         
  110 00000000         
  111 00000000         ; Reset Handler
  112 00000000         
  113 00000000         Reset_Handler
                               PROC



ARM Macro Assembler    Page 4 


  114 00000000                 EXPORT           Reset_Handler             [WEAK
]
  115 00000000                 IMPORT           SystemInit
  116 00000000                 IMPORT           __main
  117 00000000 4806            LDR              R0, =SystemInit
  118 00000002 4780            BLX              R0
  119 00000004 4806            LDR              R0, =__main
  120 00000006 4700            BX               R0
  121 00000008                 ENDP
  122 00000008         
  123 00000008         
  124 00000008         ; Dummy Exception Handlers (infinite loops which can be 
                       modified)
  125 00000008         
  126 00000008         NMI_Handler
                               PROC
  127 00000008                 EXPORT           NMI_Handler               [WEAK
]
  128 00000008 E7FE            B                .
  129 0000000A                 ENDP
  131 0000000A         HardFault_Handler
                               PROC
  132 0000000A                 EXPORT           HardFault_Handler         [WEAK
]
  133 0000000A E7FE            B                .
  134 0000000C                 ENDP
  136 0000000C         MemManage_Handler
                               PROC
  137 0000000C                 EXPORT           MemManage_Handler         [WEAK
]
  138 0000000C E7FE            B                .
  139 0000000E                 ENDP
  141 0000000E         BusFault_Handler
                               PROC
  142 0000000E                 EXPORT           BusFault_Handler          [WEAK
]
  143 0000000E E7FE            B                .
  144 00000010                 ENDP
  146 00000010         UsageFault_Handler
                               PROC
  147 00000010                 EXPORT           UsageFault_Handler        [WEAK
]
  148 00000010 E7FE            B                .
  149 00000012                 ENDP
  150 00000012         SVC_Handler
                               PROC
  151 00000012                 EXPORT           SVC_Handler               [WEAK
]
  152 00000012 E7FE            B                .
  153 00000014                 ENDP
  155 00000014         DebugMon_Handler
                               PROC
  156 00000014                 EXPORT           DebugMon_Handler          [WEAK
]
  157 00000014 E7FE            B                .
  158 00000016                 ENDP
  159 00000016         PendSV_Handler
                               PROC
  160 00000016                 EXPORT           PendSV_Handler            [WEAK



ARM Macro Assembler    Page 5 


]
  161 00000016 E7FE            B                .
  162 00000018                 ENDP
  163 00000018         SysTick_Handler
                               PROC
  164 00000018                 EXPORT           SysTick_Handler           [WEAK
]
  165 00000018 E7FE            B                .
  166 0000001A                 ENDP
  167 0000001A         
  168 0000001A         Default_Handler
                               PROC
  169 0000001A                 EXPORT           DMA_IRQHandler        [WEAK]
  170 0000001A                 EXPORT           GPIO_EVEN_IRQHandler        [WE
AK]
  171 0000001A                 EXPORT           TIMER0_IRQHandler        [WEAK]
  172 0000001A                 EXPORT           USART0_RX_IRQHandler        [WE
AK]
  173 0000001A                 EXPORT           USART0_TX_IRQHandler        [WE
AK]
  174 0000001A                 EXPORT           ACMP0_IRQHandler        [WEAK]
  175 0000001A                 EXPORT           ADC0_IRQHandler        [WEAK]
  176 0000001A                 EXPORT           DAC0_IRQHandler        [WEAK]
  177 0000001A                 EXPORT           I2C0_IRQHandler        [WEAK]
  178 0000001A                 EXPORT           GPIO_ODD_IRQHandler        [WEA
K]
  179 0000001A                 EXPORT           TIMER1_IRQHandler        [WEAK]
  180 0000001A                 EXPORT           USART1_RX_IRQHandler        [WE
AK]
  181 0000001A                 EXPORT           USART1_TX_IRQHandler        [WE
AK]
  182 0000001A                 EXPORT           LESENSE_IRQHandler        [WEAK
]
  183 0000001A                 EXPORT           LEUART0_IRQHandler        [WEAK
]
  184 0000001A                 EXPORT           LETIMER0_IRQHandler        [WEA
K]
  185 0000001A                 EXPORT           PCNT0_IRQHandler        [WEAK]
  186 0000001A                 EXPORT           RTC_IRQHandler        [WEAK]
  187 0000001A                 EXPORT           CMU_IRQHandler        [WEAK]
  188 0000001A                 EXPORT           VCMP_IRQHandler        [WEAK]
  189 0000001A                 EXPORT           LCD_IRQHandler        [WEAK]
  190 0000001A                 EXPORT           MSC_IRQHandler        [WEAK]
  191 0000001A                 EXPORT           AES_IRQHandler        [WEAK]
  192 0000001A         
  193 0000001A         
  194 0000001A         DMA_IRQHandler
  195 0000001A         GPIO_EVEN_IRQHandler
  196 0000001A         TIMER0_IRQHandler
  197 0000001A         USART0_RX_IRQHandler
  198 0000001A         USART0_TX_IRQHandler
  199 0000001A         ACMP0_IRQHandler
  200 0000001A         ADC0_IRQHandler
  201 0000001A         DAC0_IRQHandler
  202 0000001A         I2C0_IRQHandler
  203 0000001A         GPIO_ODD_IRQHandler
  204 0000001A         TIMER1_IRQHandler
  205 0000001A         USART1_RX_IRQHandler
  206 0000001A         USART1_TX_IRQHandler



ARM Macro Assembler    Page 6 


  207 0000001A         LESENSE_IRQHandler
  208 0000001A         LEUART0_IRQHandler
  209 0000001A         LETIMER0_IRQHandler
  210 0000001A         PCNT0_IRQHandler
  211 0000001A         RTC_IRQHandler
  212 0000001A         CMU_IRQHandler
  213 0000001A         VCMP_IRQHandler
  214 0000001A         LCD_IRQHandler
  215 0000001A         MSC_IRQHandler
  216 0000001A         AES_IRQHandler
  217 0000001A E7FE            B                .
  218 0000001C                 ENDP
  219 0000001C         
  220 0000001C                 ALIGN
  221 0000001C         
  222 0000001C         ; User Initial Stack & Heap
  223 0000001C         
  224 0000001C                 IF               :DEF:__MICROLIB
  225 0000001C         
  226 0000001C                 EXPORT           __initial_sp
  227 0000001C                 EXPORT           __heap_base
  228 0000001C                 EXPORT           __heap_limit
  229 0000001C         
  230 0000001C                 ELSE
  245                          ENDIF
  246 0000001C         
  247 0000001C                 END
              00000000 
              00000000 
Command Line: --debug --xref --diag_suppress=9931 --cpu=Cortex-M3 --apcs=interw
ork --depend=.\objects\startup_efm32tg.d -o.\objects\startup_efm32tg.o -IF:\ÏîÄ
¿£ºÏ´ÒÂ»ú¿ØÖÆÆ÷2016_4_5\³ÌÐò\EFM32_DEMO\Project\RTE -IC:\Keil_v5\ARM\PACK\Keil\
EFM32TGxxx_DFP\1.1.0\Device\EFM32TG\Include -IC:\Keil_v5\ARM\CMSIS\Include --pr
edefine="__MICROLIB SETA 1" --predefine="__UVISION_VERSION SETA 518" --predefin
e="EFM32TG840F32 SETA 1" --list=.\listings\startup_efm32tg.lst ..\CMSIS\efm32tg
\startup_efm32tg.s



ARM Macro Assembler    Page 1 Alphabetic symbol ordering
Relocatable symbols

STACK 00000000

Symbol: STACK
   Definitions
      At line 34 in file ..\CMSIS\efm32tg\startup_efm32tg.s
   Uses
      None
Comment: STACK unused
Stack_Mem 00000000

Symbol: Stack_Mem
   Definitions
      At line 35 in file ..\CMSIS\efm32tg\startup_efm32tg.s
   Uses
      None
Comment: Stack_Mem unused
__initial_sp 00000400

Symbol: __initial_sp
   Definitions
      At line 36 in file ..\CMSIS\efm32tg\startup_efm32tg.s
   Uses
      At line 62 in file ..\CMSIS\efm32tg\startup_efm32tg.s
      At line 226 in file ..\CMSIS\efm32tg\startup_efm32tg.s

3 symbols



ARM Macro Assembler    Page 1 Alphabetic symbol ordering
Relocatable symbols

HEAP 00000000

Symbol: HEAP
   Definitions
      At line 45 in file ..\CMSIS\efm32tg\startup_efm32tg.s
   Uses
      None
Comment: HEAP unused
Heap_Mem 00000000

Symbol: Heap_Mem
   Definitions
      At line 47 in file ..\CMSIS\efm32tg\startup_efm32tg.s
   Uses
      None
Comment: Heap_Mem unused
__heap_base 00000000

Symbol: __heap_base
   Definitions
      At line 46 in file ..\CMSIS\efm32tg\startup_efm32tg.s
   Uses
      At line 227 in file ..\CMSIS\efm32tg\startup_efm32tg.s
Comment: __heap_base used once
__heap_limit 00000C00

Symbol: __heap_limit
   Definitions
      At line 48 in file ..\CMSIS\efm32tg\startup_efm32tg.s
   Uses
      At line 228 in file ..\CMSIS\efm32tg\startup_efm32tg.s
Comment: __heap_limit used once
4 symbols



ARM Macro Assembler    Page 1 Alphabetic symbol ordering
Relocatable symbols

RESET 00000000

Symbol: RESET
   Definitions
      At line 57 in file ..\CMSIS\efm32tg\startup_efm32tg.s
   Uses
      None
Comment: RESET unused
__Vectors 00000000

Symbol: __Vectors
   Definitions
      At line 62 in file ..\CMSIS\efm32tg\startup_efm32tg.s
   Uses
      At line 58 in file ..\CMSIS\efm32tg\startup_efm32tg.s
      At line 106 in file ..\CMSIS\efm32tg\startup_efm32tg.s

__Vectors_End 0000009C

Symbol: __Vectors_End
   Definitions
      At line 105 in file ..\CMSIS\efm32tg\startup_efm32tg.s
   Uses
      At line 59 in file ..\CMSIS\efm32tg\startup_efm32tg.s
      At line 106 in file ..\CMSIS\efm32tg\startup_efm32tg.s

3 symbols



ARM Macro Assembler    Page 1 Alphabetic symbol ordering
Relocatable symbols

.text 00000000

Symbol: .text
   Definitions
      At line 108 in file ..\CMSIS\efm32tg\startup_efm32tg.s
   Uses
      None
Comment: .text unused
ACMP0_IRQHandler 0000001A

Symbol: ACMP0_IRQHandler
   Definitions
      At line 199 in file ..\CMSIS\efm32tg\startup_efm32tg.s
   Uses
      At line 86 in file ..\CMSIS\efm32tg\startup_efm32tg.s
      At line 174 in file ..\CMSIS\efm32tg\startup_efm32tg.s

ADC0_IRQHandler 0000001A

Symbol: ADC0_IRQHandler
   Definitions
      At line 200 in file ..\CMSIS\efm32tg\startup_efm32tg.s
   Uses
      At line 87 in file ..\CMSIS\efm32tg\startup_efm32tg.s
      At line 175 in file ..\CMSIS\efm32tg\startup_efm32tg.s

AES_IRQHandler 0000001A

Symbol: AES_IRQHandler
   Definitions
      At line 216 in file ..\CMSIS\efm32tg\startup_efm32tg.s
   Uses
      At line 103 in file ..\CMSIS\efm32tg\startup_efm32tg.s
      At line 191 in file ..\CMSIS\efm32tg\startup_efm32tg.s

BusFault_Handler 0000000E

Symbol: BusFault_Handler
   Definitions
      At line 141 in file ..\CMSIS\efm32tg\startup_efm32tg.s
   Uses
      At line 67 in file ..\CMSIS\efm32tg\startup_efm32tg.s
      At line 142 in file ..\CMSIS\efm32tg\startup_efm32tg.s

CMU_IRQHandler 0000001A

Symbol: CMU_IRQHandler
   Definitions
      At line 212 in file ..\CMSIS\efm32tg\startup_efm32tg.s
   Uses
      At line 99 in file ..\CMSIS\efm32tg\startup_efm32tg.s
      At line 187 in file ..\CMSIS\efm32tg\startup_efm32tg.s

DAC0_IRQHandler 0000001A

Symbol: DAC0_IRQHandler
   Definitions
      At line 201 in file ..\CMSIS\efm32tg\startup_efm32tg.s
   Uses



ARM Macro Assembler    Page 2 Alphabetic symbol ordering
Relocatable symbols

      At line 88 in file ..\CMSIS\efm32tg\startup_efm32tg.s
      At line 176 in file ..\CMSIS\efm32tg\startup_efm32tg.s

DMA_IRQHandler 0000001A

Symbol: DMA_IRQHandler
   Definitions
      At line 194 in file ..\CMSIS\efm32tg\startup_efm32tg.s
   Uses
      At line 81 in file ..\CMSIS\efm32tg\startup_efm32tg.s
      At line 169 in file ..\CMSIS\efm32tg\startup_efm32tg.s

DebugMon_Handler 00000014

Symbol: DebugMon_Handler
   Definitions
      At line 155 in file ..\CMSIS\efm32tg\startup_efm32tg.s
   Uses
      At line 74 in file ..\CMSIS\efm32tg\startup_efm32tg.s
      At line 156 in file ..\CMSIS\efm32tg\startup_efm32tg.s

Default_Handler 0000001A

Symbol: Default_Handler
   Definitions
      At line 168 in file ..\CMSIS\efm32tg\startup_efm32tg.s
   Uses
      None
Comment: Default_Handler unused
GPIO_EVEN_IRQHandler 0000001A

Symbol: GPIO_EVEN_IRQHandler
   Definitions
      At line 195 in file ..\CMSIS\efm32tg\startup_efm32tg.s
   Uses
      At line 82 in file ..\CMSIS\efm32tg\startup_efm32tg.s
      At line 170 in file ..\CMSIS\efm32tg\startup_efm32tg.s

GPIO_ODD_IRQHandler 0000001A

Symbol: GPIO_ODD_IRQHandler
   Definitions
      At line 203 in file ..\CMSIS\efm32tg\startup_efm32tg.s
   Uses
      At line 90 in file ..\CMSIS\efm32tg\startup_efm32tg.s
      At line 178 in file ..\CMSIS\efm32tg\startup_efm32tg.s

HardFault_Handler 0000000A

Symbol: HardFault_Handler
   Definitions
      At line 131 in file ..\CMSIS\efm32tg\startup_efm32tg.s
   Uses
      At line 65 in file ..\CMSIS\efm32tg\startup_efm32tg.s
      At line 132 in file ..\CMSIS\efm32tg\startup_efm32tg.s

I2C0_IRQHandler 0000001A

Symbol: I2C0_IRQHandler



ARM Macro Assembler    Page 3 Alphabetic symbol ordering
Relocatable symbols

   Definitions
      At line 202 in file ..\CMSIS\efm32tg\startup_efm32tg.s
   Uses
      At line 89 in file ..\CMSIS\efm32tg\startup_efm32tg.s
      At line 177 in file ..\CMSIS\efm32tg\startup_efm32tg.s

LCD_IRQHandler 0000001A

Symbol: LCD_IRQHandler
   Definitions
      At line 214 in file ..\CMSIS\efm32tg\startup_efm32tg.s
   Uses
      At line 101 in file ..\CMSIS\efm32tg\startup_efm32tg.s
      At line 189 in file ..\CMSIS\efm32tg\startup_efm32tg.s

LESENSE_IRQHandler 0000001A

Symbol: LESENSE_IRQHandler
   Definitions
      At line 207 in file ..\CMSIS\efm32tg\startup_efm32tg.s
   Uses
      At line 94 in file ..\CMSIS\efm32tg\startup_efm32tg.s
      At line 182 in file ..\CMSIS\efm32tg\startup_efm32tg.s

LETIMER0_IRQHandler 0000001A

Symbol: LETIMER0_IRQHandler
   Definitions
      At line 209 in file ..\CMSIS\efm32tg\startup_efm32tg.s
   Uses
      At line 96 in file ..\CMSIS\efm32tg\startup_efm32tg.s
      At line 184 in file ..\CMSIS\efm32tg\startup_efm32tg.s

LEUART0_IRQHandler 0000001A

Symbol: LEUART0_IRQHandler
   Definitions
      At line 208 in file ..\CMSIS\efm32tg\startup_efm32tg.s
   Uses
      At line 95 in file ..\CMSIS\efm32tg\startup_efm32tg.s
      At line 183 in file ..\CMSIS\efm32tg\startup_efm32tg.s

MSC_IRQHandler 0000001A

Symbol: MSC_IRQHandler
   Definitions
      At line 215 in file ..\CMSIS\efm32tg\startup_efm32tg.s
   Uses
      At line 102 in file ..\CMSIS\efm32tg\startup_efm32tg.s
      At line 190 in file ..\CMSIS\efm32tg\startup_efm32tg.s

MemManage_Handler 0000000C

Symbol: MemManage_Handler
   Definitions
      At line 136 in file ..\CMSIS\efm32tg\startup_efm32tg.s
   Uses
      At line 66 in file ..\CMSIS\efm32tg\startup_efm32tg.s
      At line 137 in file ..\CMSIS\efm32tg\startup_efm32tg.s



ARM Macro Assembler    Page 4 Alphabetic symbol ordering
Relocatable symbols


NMI_Handler 00000008

Symbol: NMI_Handler
   Definitions
      At line 126 in file ..\CMSIS\efm32tg\startup_efm32tg.s
   Uses
      At line 64 in file ..\CMSIS\efm32tg\startup_efm32tg.s
      At line 127 in file ..\CMSIS\efm32tg\startup_efm32tg.s

PCNT0_IRQHandler 0000001A

Symbol: PCNT0_IRQHandler
   Definitions
      At line 210 in file ..\CMSIS\efm32tg\startup_efm32tg.s
   Uses
      At line 97 in file ..\CMSIS\efm32tg\startup_efm32tg.s
      At line 185 in file ..\CMSIS\efm32tg\startup_efm32tg.s

PendSV_Handler 00000016

Symbol: PendSV_Handler
   Definitions
      At line 159 in file ..\CMSIS\efm32tg\startup_efm32tg.s
   Uses
      At line 76 in file ..\CMSIS\efm32tg\startup_efm32tg.s
      At line 160 in file ..\CMSIS\efm32tg\startup_efm32tg.s

RTC_IRQHandler 0000001A

Symbol: RTC_IRQHandler
   Definitions
      At line 211 in file ..\CMSIS\efm32tg\startup_efm32tg.s
   Uses
      At line 98 in file ..\CMSIS\efm32tg\startup_efm32tg.s
      At line 186 in file ..\CMSIS\efm32tg\startup_efm32tg.s

Reset_Handler 00000000

Symbol: Reset_Handler
   Definitions
      At line 113 in file ..\CMSIS\efm32tg\startup_efm32tg.s
   Uses
      At line 63 in file ..\CMSIS\efm32tg\startup_efm32tg.s
      At line 114 in file ..\CMSIS\efm32tg\startup_efm32tg.s

SVC_Handler 00000012

Symbol: SVC_Handler
   Definitions
      At line 150 in file ..\CMSIS\efm32tg\startup_efm32tg.s
   Uses
      At line 73 in file ..\CMSIS\efm32tg\startup_efm32tg.s
      At line 151 in file ..\CMSIS\efm32tg\startup_efm32tg.s

SysTick_Handler 00000018

Symbol: SysTick_Handler
   Definitions



ARM Macro Assembler    Page 5 Alphabetic symbol ordering
Relocatable symbols

      At line 163 in file ..\CMSIS\efm32tg\startup_efm32tg.s
   Uses
      At line 77 in file ..\CMSIS\efm32tg\startup_efm32tg.s
      At line 164 in file ..\CMSIS\efm32tg\startup_efm32tg.s

TIMER0_IRQHandler 0000001A

Symbol: TIMER0_IRQHandler
   Definitions
      At line 196 in file ..\CMSIS\efm32tg\startup_efm32tg.s
   Uses
      At line 83 in file ..\CMSIS\efm32tg\startup_efm32tg.s
      At line 171 in file ..\CMSIS\efm32tg\startup_efm32tg.s

TIMER1_IRQHandler 0000001A

Symbol: TIMER1_IRQHandler
   Definitions
      At line 204 in file ..\CMSIS\efm32tg\startup_efm32tg.s
   Uses
      At line 91 in file ..\CMSIS\efm32tg\startup_efm32tg.s
      At line 179 in file ..\CMSIS\efm32tg\startup_efm32tg.s

USART0_RX_IRQHandler 0000001A

Symbol: USART0_RX_IRQHandler
   Definitions
      At line 197 in file ..\CMSIS\efm32tg\startup_efm32tg.s
   Uses
      At line 84 in file ..\CMSIS\efm32tg\startup_efm32tg.s
      At line 172 in file ..\CMSIS\efm32tg\startup_efm32tg.s

USART0_TX_IRQHandler 0000001A

Symbol: USART0_TX_IRQHandler
   Definitions
      At line 198 in file ..\CMSIS\efm32tg\startup_efm32tg.s
   Uses
      At line 85 in file ..\CMSIS\efm32tg\startup_efm32tg.s
      At line 173 in file ..\CMSIS\efm32tg\startup_efm32tg.s

USART1_RX_IRQHandler 0000001A

Symbol: USART1_RX_IRQHandler
   Definitions
      At line 205 in file ..\CMSIS\efm32tg\startup_efm32tg.s
   Uses
      At line 92 in file ..\CMSIS\efm32tg\startup_efm32tg.s
      At line 180 in file ..\CMSIS\efm32tg\startup_efm32tg.s

USART1_TX_IRQHandler 0000001A

Symbol: USART1_TX_IRQHandler
   Definitions
      At line 206 in file ..\CMSIS\efm32tg\startup_efm32tg.s
   Uses
      At line 93 in file ..\CMSIS\efm32tg\startup_efm32tg.s
      At line 181 in file ..\CMSIS\efm32tg\startup_efm32tg.s




ARM Macro Assembler    Page 6 Alphabetic symbol ordering
Relocatable symbols

UsageFault_Handler 00000010

Symbol: UsageFault_Handler
   Definitions
      At line 146 in file ..\CMSIS\efm32tg\startup_efm32tg.s
   Uses
      At line 68 in file ..\CMSIS\efm32tg\startup_efm32tg.s
      At line 147 in file ..\CMSIS\efm32tg\startup_efm32tg.s

VCMP_IRQHandler 0000001A

Symbol: VCMP_IRQHandler
   Definitions
      At line 213 in file ..\CMSIS\efm32tg\startup_efm32tg.s
   Uses
      At line 100 in file ..\CMSIS\efm32tg\startup_efm32tg.s
      At line 188 in file ..\CMSIS\efm32tg\startup_efm32tg.s

35 symbols



ARM Macro Assembler    Page 1 Alphabetic symbol ordering
Absolute symbols

Heap_Size 00000C00

Symbol: Heap_Size
   Definitions
      At line 43 in file ..\CMSIS\efm32tg\startup_efm32tg.s
   Uses
      At line 47 in file ..\CMSIS\efm32tg\startup_efm32tg.s
Comment: Heap_Size used once
Stack_Size 00000400

Symbol: Stack_Size
   Definitions
      At line 32 in file ..\CMSIS\efm32tg\startup_efm32tg.s
   Uses
      At line 35 in file ..\CMSIS\efm32tg\startup_efm32tg.s
Comment: Stack_Size used once
__Vectors_Size 0000009C

Symbol: __Vectors_Size
   Definitions
      At line 106 in file ..\CMSIS\efm32tg\startup_efm32tg.s
   Uses
      At line 60 in file ..\CMSIS\efm32tg\startup_efm32tg.s
Comment: __Vectors_Size used once
3 symbols



ARM Macro Assembler    Page 1 Alphabetic symbol ordering
External symbols

SystemInit 00000000

Symbol: SystemInit
   Definitions
      At line 115 in file ..\CMSIS\efm32tg\startup_efm32tg.s
   Uses
      At line 117 in file ..\CMSIS\efm32tg\startup_efm32tg.s
Comment: SystemInit used once
__main 00000000

Symbol: __main
   Definitions
      At line 116 in file ..\CMSIS\efm32tg\startup_efm32tg.s
   Uses
      At line 119 in file ..\CMSIS\efm32tg\startup_efm32tg.s
Comment: __main used once
2 symbols
385 symbols in table
